[GMT 2020-10-22 01:52:20 am] A user on the internet read the wiki page hello
[GMT 2020-10-22 01:52:24 am] A user on the internet read the wiki page hello
[GMT 2020-10-22 01:53:42 am] A user on the internet read the wiki page "hello"
[GMT 2020-10-22 01:53:48 am] A user on the internet read the wiki page "hello"
[GMT 2020-10-22 01:53:55 am] A user on the internet read the wiki page "hello"
[GMT 2020-10-22 01:58:01 am] A user on the internet edited the wiki
[GMT 2020-10-22 01:58:06 am] A user on the internet read the wiki page "hello"
[GMT 2020-10-22 02:00:08 am] A user on the internet edited the wiki page "hello"
[GMT 2020-10-22 02:00:41 am] A user on the internet edited the wiki page "hello"
[GMT 2020-10-22 11:50:10 am] A user on the internet visited the homepage of the wiki
[GMT 2020-10-22 11:50:18 am] A user on the internet visited the homepage of the wiki
[GMT 2020-10-22 12:13:53 pm] A user on the internet visited the homepage of the wiki
[GMT 2020-10-22 12:14:08 pm] A user on the internet visited the homepage of the wiki
[GMT 2020-10-22 12:15:28 pm] A user on the internet visited the homepage of the wiki
[GMT 2020-10-22 12:17:43 pm] A user on the internet visited the homepage of the wiki
[GMT 2020-10-22 12:18:38 pm] A user on the internet visited the homepage of the wiki
[GMT 2020-10-22 12:20:19 pm] A user on the internet visited the homepage of the wiki
[GMT 2020-10-22 12:49:20 pm] A user on the internet visited the homepage of the wiki
[GMT 2020-10-22 12:50:26 pm] A user on the internet visited the homepage of the wiki
[GMT 2020-10-22 12:53:49 pm] A user on the internet visited the homepage of the wiki
[GMT 2020-10-22 01:54:12 pm] A user on the internet visited the homepage of the wiki
[GMT 2020-10-22 01:54:12 pm] A user on the internet visited the homepage of the wiki
[GMT 2020-10-22 01:54:58 pm] A user on the internet visited the homepage of the wiki
[GMT 2020-10-22 01:55:19 pm] A user on the internet visited the homepage of the wiki
[GMT 2020-10-22 04:55:09 pm] A user on the internet visited the homepage of the wiki
[GMT 2020-10-22 04:55:10 pm] A user on the internet visited the homepage of the wiki
[GMT 2020-10-22 04:55:48 pm] A user on the internet visited the homepage of the wiki
[GMT 2020-10-22 04:56:52 PM] A user on the internet visited the homepage of the wiki
[GMT 2020-10-22 04:56:59 PM] A user on the internet visited the homepage of the wiki
[GMT 2020-10-22 04:56:59 PM] A user on the internet visited the homepage of the wiki
[GMT 2020-10-22 05:12:46 PM] A user on the internet visited the homepage of the wiki
[GMT 2020-10-22 05:55:50 PM] A user on the internet visited the homepage of the wiki
[GMT 2020-10-22 05:55:50 PM] A user on the internet visited the homepage of the wiki
[GMT 2020-10-22 06:12:20 PM] A user on the internet visited the homepage of the wiki
[GMT 2020-10-22 06:21:26 PM] A user on the internet visited the homepage of the wiki
[GMT 2020-10-22 06:21:32 PM] A user on the internet read the wiki page "hello"
[GMT 2020-10-22 06:21:51 PM] A user on the internet visited the homepage of the wiki
[GMT 2020-10-22 06:24:57 PM] A user on the internet visited the homepage of the wiki
[GMT 2020-10-22 06:26:33 PM] A user on the internet viewed the article index
[GMT 2020-10-22 06:30:26 PM] A user on the internet viewed the article index
[GMT 2020-10-22 06:30:46 PM] A user on the internet viewed the article index
[GMT 2020-10-22 06:31:20 PM] A user on the internet visited the homepage of the wiki
[GMT 2020-10-22 06:31:37 PM] A user on the internet visited the homepage of the wiki
[GMT 2020-10-22 06:34:00 PM] A user on the internet visited the homepage of the wiki
[GMT 2020-10-22 07:08:29 PM] A user on the internet visited the homepage of the wiki
[GMT 2020-10-22 07:43:42 PM] A user on the internet visited the homepage of the wiki
[GMT 2020-10-22 07:46:00 PM] A user on the internet visited the homepage of the wiki
[GMT 2020-10-22 07:46:07 PM] A user on the internet visited the homepage of the wiki
[GMT 2020-10-22 07:46:35 PM] A user on the internet visited the homepage of the wiki
[GMT 2020-10-22 07:47:01 PM] A user on the internet visited the homepage of the wiki
